#
# There is insufficient memory for the Java Runtime Environment to continue.
# Native memory allocation (malloc) failed to allocate 7904 bytes for AllocateHeap
# Possible reasons:
#   The system is out of physical RAM or swap space
#   The process is running with CompressedOops enabled, and the Java Heap may be blocking the growth of the native heap
# Possible solutions:
#   Reduce memory load on the system
#   Increase physical memory or swap space
#   Check if swap backing store is full
#   Decrease Java heap size (-Xmx/-Xms)
#   Decrease number of Java threads
#   Decrease Java thread stack sizes (-Xss)
#   Set larger code cache with -XX:ReservedCodeCacheSize=
#   JVM is running with Zero Based Compressed Oops mode in which the Java heap is
#     placed in the first 32GB address space. The Java Heap base address is the
#     maximum limit for the native heap growth. Please use -XX:HeapBaseMinAddress
#     to set the Java Heap base and to place the Java Heap above 32GB virtual address.
# This output file may be truncated or incomplete.
#
#  Out of Memory Error (allocation.cpp:44), pid=14764, tid=2860
#
# JRE version: Java(TM) SE Runtime Environment (16.0.2+7) (build 16.0.2+7-67)
# Java VM: Java HotSpot(TM) 64-Bit Server VM (16.0.2+7-67, mixed mode, sharing, tiered, compressed oops, compressed class ptrs, g1 gc, windows-amd64)
# No core dump will be written. Minidumps are not enabled by default on client versions of Windows
#

---------------  S U M M A R Y ------------

Command Line: -XX:+ShowCodeDetailsInExceptionMessages -Dfile.encoding=UTF-8 pb.prev.rhback.RhbackApplication

Host: AMD PRO A10-9700E R7, 10 COMPUTE CORES 4C+6G   , 4 cores, 15G,  Windows 10 , 64 bit Build 19041 (10.0.19041.928)
Time: Wed May  4 08:47:44 2022 Hora Padrão de Buenos Aires elapsed time: 61.183998 seconds (0d 0h 1m 1s)

---------------  T H R E A D  ---------------

Current thread (0x00000221576fee00):  VMThread "VM Thread" [stack: 0x000000584ff00000,0x0000005850000000] [id=2860]

Stack: [0x000000584ff00000,0x0000005850000000]
Native frames: (J=compiled Java code, j=interpreted, Vv=VM code, C=native code)
V  [jvm.dll+0x6681ca]
V  [jvm.dll+0x7c9e69]
V  [jvm.dll+0x7cb61e]
V  [jvm.dll+0x7cbc73]
V  [jvm.dll+0x242c55]
V  [jvm.dll+0xa8732]
V  [jvm.dll+0x309774]
V  [jvm.dll+0x30ad01]
V  [jvm.dll+0x2d094d]
V  [jvm.dll+0x2d01ec]
V  [jvm.dll+0x3152d2]
V  [jvm.dll+0x7d00ab]
V  [jvm.dll+0x7d0da4]
V  [jvm.dll+0x7d12a9]
V  [jvm.dll+0x7d1564]
V  [jvm.dll+0x7d1630]
V  [jvm.dll+0x7795aa]
V  [jvm.dll+0x667066]
C  [ucrtbase.dll+0x21bb2]
C  [KERNEL32.DLL+0x17034]
C  [ntdll.dll+0x52651]

VM_Operation (0x0000005851efbae0): G1CollectForAllocation, mode: safepoint, requested by thread 0x000002215d808cf0


---------------  P R O C E S S  ---------------

Threads class SMR info:
_java_thread_list=0x0000022159d64300, length=32, elements={
0x0000022157701850, 0x0000022157702420, 0x000002215770fae0, 0x0000022157711400,
0x0000022157711d10, 0x0000022157712620, 0x0000022157714280, 0x00000221577218d0,
0x000002215773de20, 0x0000022158204fd0, 0x0000022158231f90, 0x000002215b70c850,
0x0000022159958910, 0x0000022159957920, 0x0000022159958e60, 0x0000022159957e70,
0x000002215d805280, 0x000002215d806d10, 0x000002215d807260, 0x000002215d80b220,
0x000002215d80a780, 0x000002215d8057d0, 0x000002215d8077b0, 0x000002215d808cf0,
0x000002215d806270, 0x000002215d809ce0, 0x000002215d807d00, 0x000002215d8067c0,
0x000002215d808250, 0x000002215d80bcc0, 0x000002215d8087a0, 0x000002215d804d30
}

Java Threads: ( => current thread )
  0x0000022157701850 JavaThread "Reference Handler" daemon [_thread_blocked, id=14172, stack(0x0000005850000000,0x0000005850100000)]
  0x0000022157702420 JavaThread "Finalizer" daemon [_thread_blocked, id=8960, stack(0x0000005850100000,0x0000005850200000)]
  0x000002215770fae0 JavaThread "Signal Dispatcher" daemon [_thread_blocked, id=7808, stack(0x0000005850200000,0x0000005850300000)]
  0x0000022157711400 JavaThread "Attach Listener" daemon [_thread_blocked, id=12532, stack(0x0000005850300000,0x0000005850400000)]
  0x0000022157711d10 JavaThread "Service Thread" daemon [_thread_blocked, id=15112, stack(0x0000005850400000,0x0000005850500000)]
  0x0000022157712620 JavaThread "Monitor Deflation Thread" daemon [_thread_blocked, id=9384, stack(0x0000005850500000,0x0000005850600000)]
  0x0000022157714280 JavaThread "C2 CompilerThread0" daemon [_thread_blocked, id=15072, stack(0x0000005850600000,0x0000005850700000)]
  0x00000221577218d0 JavaThread "C1 CompilerThread0" daemon [_thread_blocked, id=12960, stack(0x0000005850700000,0x0000005850800000)]
  0x000002215773de20 JavaThread "Sweeper thread" daemon [_thread_blocked, id=10488, stack(0x0000005850800000,0x0000005850900000)]
  0x0000022158204fd0 JavaThread "Notification Thread" daemon [_thread_blocked, id=11372, stack(0x0000005850900000,0x0000005850a00000)]
  0x0000022158231f90 JavaThread "Common-Cleaner" daemon [_thread_blocked, id=5856, stack(0x0000005850b00000,0x0000005850c00000)]
  0x000002215b70c850 JavaThread "Catalina-utility-1" [_thread_blocked, id=8580, stack(0x0000005851200000,0x0000005851300000)]
  0x0000022159958910 JavaThread "Catalina-utility-2" [_thread_blocked, id=6376, stack(0x0000005851300000,0x0000005851400000)]
  0x0000022159957920 JavaThread "container-0" [_thread_blocked, id=10840, stack(0x0000005851400000,0x0000005851500000)]
  0x0000022159958e60 JavaThread "mysql-cj-abandoned-connection-cleanup" daemon [_thread_blocked, id=12964, stack(0x0000005851500000,0x0000005851600000)]
  0x0000022159957e70 JavaThread "HikariPool-1 housekeeper" daemon [_thread_blocked, id=12836, stack(0x0000005851700000,0x0000005851800000)]
  0x000002215d805280 JavaThread "File Watcher" daemon [_thread_blocked, id=11352, stack(0x0000005851800000,0x0000005851900000)]
  0x000002215d806d10 JavaThread "Live Reload Server" daemon [_thread_in_native, id=15200, stack(0x0000005851900000,0x0000005851a00000)]
  0x000002215d807260 JavaThread "http-nio-8080-exec-1" daemon [_thread_blocked, id=1396, stack(0x0000005851600000,0x0000005851700000)]
  0x000002215d80b220 JavaThread "http-nio-8080-exec-2" daemon [_thread_blocked, id=14416, stack(0x0000005851a00000,0x0000005851b00000)]
  0x000002215d80a780 JavaThread "http-nio-8080-exec-3" daemon [_thread_blocked, id=14664, stack(0x0000005851b00000,0x0000005851c00000)]
  0x000002215d8057d0 JavaThread "http-nio-8080-exec-4" daemon [_thread_blocked, id=4092, stack(0x0000005851c00000,0x0000005851d00000)]
  0x000002215d8077b0 JavaThread "http-nio-8080-exec-5" daemon [_thread_blocked, id=12308, stack(0x0000005851d00000,0x0000005851e00000)]
  0x000002215d808cf0 JavaThread "http-nio-8080-exec-6" daemon [_thread_blocked, id=10544, stack(0x0000005851e00000,0x0000005851f00000)]
  0x000002215d806270 JavaThread "http-nio-8080-exec-7" daemon [_thread_blocked, id=13252, stack(0x0000005851f00000,0x0000005852000000)]
  0x000002215d809ce0 JavaThread "http-nio-8080-exec-8" daemon [_thread_blocked, id=8184, stack(0x0000005852000000,0x0000005852100000)]
  0x000002215d807d00 JavaThread "http-nio-8080-exec-9" daemon [_thread_blocked, id=9560, stack(0x0000005852100000,0x0000005852200000)]
  0x000002215d8067c0 JavaThread "http-nio-8080-exec-10" daemon [_thread_blocked, id=15268, stack(0x0000005852200000,0x0000005852300000)]
  0x000002215d808250 JavaThread "http-nio-8080-Poller" daemon [_thread_in_native, id=3444, stack(0x0000005852300000,0x0000005852400000)]
  0x000002215d80bcc0 JavaThread "http-nio-8080-Acceptor" daemon [_thread_in_native, id=11336, stack(0x0000005852400000,0x0000005852500000)]
  0x000002215d8087a0 JavaThread "DestroyJavaVM" [_thread_blocked, id=2456, stack(0x000000584f900000,0x000000584fa00000)]
  0x000002215d804d30 JavaThread "HikariPool-1 connection adder" daemon [_thread_blocked, id=5936, stack(0x0000005851000000,0x0000005851100000)]

Other Threads:
=>0x00000221576fee00 VMThread "VM Thread" [stack: 0x000000584ff00000,0x0000005850000000] [id=2860]
  0x0000022158226120 WatcherThread [stack: 0x0000005850a00000,0x0000005850b00000] [id=10936]
  0x00000221338b4e40 GCTaskThread "GC Thread#0" [stack: 0x000000584fa00000,0x000000584fb00000] [id=7104]
  0x0000022158a7ea40 GCTaskThread "GC Thread#1" [stack: 0x0000005850c00000,0x0000005850d00000] [id=13384]
  0x0000022158a43e70 GCTaskThread "GC Thread#2" [stack: 0x0000005850d00000,0x0000005850e00000] [id=5012]
  0x00000221584339b0 GCTaskThread "GC Thread#3" [stack: 0x0000005850e00000,0x0000005850f00000] [id=2300]
  0x00000221338c87b0 ConcurrentGCThread "G1 Main Marker" [stack: 0x000000584fb00000,0x000000584fc00000] [id=8984]
  0x00000221338c97d0 ConcurrentGCThread "G1 Conc#0" [stack: 0x000000584fc00000,0x000000584fd00000] [id=15304]
  0x000002213392fd00 ConcurrentGCThread "G1 Refine#0" [stack: 0x000000584fd00000,0x000000584fe00000] [id=12404]
  0x0000022133930590 ConcurrentGCThread "G1 Service" [stack: 0x000000584fe00000,0x000000584ff00000] [id=6056]

Threads with active compile tasks:
C2 CompilerThread0    61231 10389       4       org.hibernate.engine.internal.ForeignKeys::findNonNullableTransientEntities (123 bytes)

VM state: at safepoint (normal execution)

VM Mutex/Monitor currently owned by a thread:  ([mutex/lock_event])
[0x0000022133861840] Threads_lock - owner thread: 0x00000221576fee00
[0x0000022133861210] Heap_lock - owner thread: 0x000002215d808cf0

Heap address: 0x0000000709000000, size: 3952 MB, Compressed Oops mode: Zero based, Oop shift amount: 3

CDS archive(s) mapped at: [0x0000000800000000-0x0000000800bb0000-0x0000000800bb0000), size 12255232, SharedBaseAddress: 0x0000000800000000, ArchiveRelocationMode: 0.
Compressed class space mapped at: 0x0000000800c00000-0x0000000840c00000, reserved size: 1073741824
Narrow klass base: 0x0000000800000000, Narrow klass shift: 3, Narrow klass range: 0x100000000

GC Precious Log:
 CPUs: 4 total, 4 available
 Memory: 15802M
 Large Page Support: Disabled
 NUMA Support: Disabled
 Compressed Oops: Enabled (Zero based)
 Heap Region Size: 2M
 Heap Min Capacity: 8M
 Heap Initial Capacity: 248M
 Heap Max Capacity: 3952M
 Pre-touch: Disabled
 Parallel Workers: 4
 Concurrent Workers: 1
 Concurrent Refinement Workers: 4
 Periodic GC: Disabled

Heap:
 garbage-first heap   total 75776K, used 61995K [0x0000000709000000, 0x0000000800000000)
  region size 2048K, 17 young (34816K), 0 survivors (0K)
 Metaspace       used 59877K, committed 60352K, reserved 1105920K
  class space    used 7454K, committed 7680K, reserved 1048576K

Heap Regions: E=young(eden), S=young(survivor), O=old, HS=humongous(starts), HC=humongous(continues), CS=collection set, F=free, OA=open archive, CA=closed archive, TAMS=top-at-mark-start (previous, next)
|   0|0x0000000709000000, 0x0000000709200000, 0x0000000709200000|100%| O|  |TAMS 0x0000000709200000, 0x0000000709000000| Untracked 
|   1|0x0000000709200000, 0x0000000709400000, 0x0000000709400000|100%| O|  |TAMS 0x0000000709400000, 0x0000000709200000| Untracked 
|   2|0x0000000709400000, 0x0000000709400000, 0x0000000709600000|  0%| F|  |TAMS 0x0000000709400000, 0x0000000709400000| Untracked 
|   3|0x0000000709600000, 0x0000000709800000, 0x0000000709800000|100%| O|  |TAMS 0x0000000709800000, 0x0000000709600000| Untracked 
|   4|0x0000000709800000, 0x0000000709800000, 0x0000000709a00000|  0%| F|  |TAMS 0x0000000709800000, 0x0000000709800000| Untracked 
|   5|0x0000000709a00000, 0x0000000709c00000, 0x0000000709c00000|100%| O|  |TAMS 0x0000000709c00000, 0x0000000709a00000| Untracked 
|   6|0x0000000709c00000, 0x0000000709c00000, 0x0000000709e00000|  0%| F|  |TAMS 0x0000000709c00000, 0x0000000709c00000| Untracked 
|   7|0x0000000709e00000, 0x0000000709e00000, 0x000000070a000000|  0%| F|  |TAMS 0x0000000709e00000, 0x0000000709e00000| Untracked 
|   8|0x000000070a000000, 0x000000070a200000, 0x000000070a200000|100%| O|  |TAMS 0x000000070a200000, 0x000000070a000000| Untracked 
|   9|0x000000070a200000, 0x000000070a400000, 0x000000070a400000|100%| O|  |TAMS 0x000000070a400000, 0x000000070a200000| Untracked 
|  10|0x000000070a400000, 0x000000070a600000, 0x000000070a600000|100%| O|  |TAMS 0x000000070a600000, 0x000000070a400000| Untracked 
|  11|0x000000070a600000, 0x000000070a800000, 0x000000070a800000|100%| O|  |TAMS 0x000000070a800000, 0x000000070a600000| Untracked 
|  12|0x000000070a800000, 0x000000070aa00000, 0x000000070aa00000|100%| O|  |TAMS 0x000000070a95f000, 0x000000070a800000| Untracked 
|  13|0x000000070aa00000, 0x000000070ac00000, 0x000000070ac00000|100%| O|  |TAMS 0x000000070aa00000, 0x000000070aa00000| Untracked 
|  14|0x000000070ac00000, 0x000000070ae00000, 0x000000070ae00000|100%| O|  |TAMS 0x000000070ac00000, 0x000000070ac00000| Untracked 
|  15|0x000000070ae00000, 0x000000070b000000, 0x000000070b000000|100%| O|  |TAMS 0x000000070ae00000, 0x000000070ae00000| Untracked 
|  16|0x000000070b000000, 0x000000070b200000, 0x000000070b200000|100%| O|  |TAMS 0x000000070b000000, 0x000000070b000000| Untracked 
|  17|0x000000070b200000, 0x000000070b24c800, 0x000000070b400000| 14%| O|  |TAMS 0x000000070b200000, 0x000000070b200000| Untracked 
|  18|0x000000070b400000, 0x000000070b400000, 0x000000070b600000|  0%| F|  |TAMS 0x000000070b400000, 0x000000070b400000| Untracked 
|  19|0x000000070b600000, 0x000000070b63e760, 0x000000070b800000| 12%| E|CS|TAMS 0x000000070b600000, 0x000000070b600000| Complete 
|  20|0x000000070b800000, 0x000000070ba00000, 0x000000070ba00000|100%| E|CS|TAMS 0x000000070b800000, 0x000000070b800000| Complete 
|  21|0x000000070ba00000, 0x000000070bc00000, 0x000000070bc00000|100%| E|CS|TAMS 0x000000070ba00000, 0x000000070ba00000| Complete 
|  22|0x000000070bc00000, 0x000000070be00000, 0x000000070be00000|100%| E|CS|TAMS 0x000000070bc00000, 0x000000070bc00000| Complete 
|  23|0x000000070be00000, 0x000000070c000000, 0x000000070c000000|100%| E|CS|TAMS 0x000000070be00000, 0x000000070be00000| Complete 
|  24|0x000000070c000000, 0x000000070c200000, 0x000000070c200000|100%| E|CS|TAMS 0x000000070c000000, 0x000000070c000000| Complete 
|  25|0x000000070c200000, 0x000000070c400000, 0x000000070c400000|100%| E|CS|TAMS 0x000000070c200000, 0x000000070c200000| Complete 
|  26|0x000000070c400000, 0x000000070c600000, 0x000000070c600000|100%| E|CS|TAMS 0x000000070c400000, 0x000000070c400000| Complete 
|  27|0x000000070c600000, 0x000000070c800000, 0x000000070c800000|100%| E|CS|TAMS 0x000000070c600000, 0x000000070c600000| Complete 
|  28|0x000000070c800000, 0x000000070ca00000, 0x000000070ca00000|100%| E|CS|TAMS 0x000000070c800000, 0x000000070c800000| Complete 
|  29|0x000000070ca00000, 0x000000070cc00000, 0x000000070cc00000|100%| E|CS|TAMS 0x000000070ca00000, 0x000000070ca00000| Complete 
|  30|0x000000070cc00000, 0x000000070ce00000, 0x000000070ce00000|100%| E|CS|TAMS 0x000000070cc00000, 0x000000070cc00000| Complete 
|  31|0x000000070ce00000, 0x000000070d000000, 0x000000070d000000|100%| E|CS|TAMS 0x000000070ce00000, 0x000000070ce00000| Complete 
|  32|0x000000070d000000, 0x000000070d200000, 0x000000070d200000|100%| E|CS|TAMS 0x000000070d000000, 0x000000070d000000| Complete 
|  33|0x000000070d200000, 0x000000070d400000, 0x000000070d400000|100%| E|CS|TAMS 0x000000070d200000, 0x000000070d200000| Complete 
|  53|0x000000070fa00000, 0x000000070fc00000, 0x000000070fc00000|100%| E|CS|TAMS 0x000000070fa00000, 0x000000070fa00000| Complete 
|  54|0x000000070fc00000, 0x000000070fe00000, 0x000000070fe00000|100%| E|CS|TAMS 0x000000070fc00000, 0x000000070fc00000| Complete 
| 123|0x0000000718600000, 0x0000000718800000, 0x0000000718800000|100%| E|CS|TAMS 0x0000000718600000, 0x0000000718600000| Complete 

Card table byte_map: [0x000002214c5d0000,0x000002214cd90000] _byte_map_base: 0x0000022148d88000

Marking Bits (Prev, Next): (CMBitMap*) 0x00000221338b8720, (CMBitMap*) 0x00000221338b86e0
 Prev Bits: [0x0000022151310000, 0x00000221550d0000)
 Next Bits: [0x000002214d550000, 0x0000022151310000)

Polling page: 0x0000022133730000

Metaspace:

Usage:
  Non-class:     51.19 MB used.
      Class:      7.28 MB used.
       Both:     58.47 MB used.

Virtual space:
  Non-class space:       56.00 MB reserved,      51.44 MB ( 92%) committed,  7 nodes.
      Class space:        1.00 GB reserved,       7.50 MB ( <1%) committed,  1 nodes.
              Both:        1.05 GB reserved,      58.94 MB (  5%) committed. 

Chunk freelists:
   Non-Class:  304.00 KB
       Class:  542.00 KB
        Both:  846.00 KB

MaxMetaspaceSize: 17179869184.00 GB
CompressedClassSpaceSize: 1.00 GB
 - commit_granule_bytes: 65536.
 - commit_granule_words: 8192.
 - virtual_space_node_default_size: 1048576.
 - enlarge_chunks_in_place: 1.
 - new_chunks_are_fully_committed: 0.
 - uncommit_free_chunks: 1.
 - use_allocation_guard: 0.
 - handle_deallocations: 1.


Internal statistics:

num_allocs_failed_limit: 9.
num_arena_births: 558.
num_arena_deaths: 0.
num_vsnodes_births: 8.
num_vsnodes_deaths: 0.
num_space_committed: 943.
num_space_uncommitted: 0.
num_chunks_returned_to_freelist: 9.
num_chunks_taken_from_freelist: 2771.
num_chunk_merges: 9.
num_chunk_splits: 1958.
num_chunks_enlarged: 1509.
num_purges: 0.

CodeHeap 'non-profiled nmethods': size=120000Kb used=6969Kb max_used=6969Kb free=113030Kb
 bounds [0x00000221442b0000, 0x0000022144980000, 0x000002214b7e0000]
CodeHeap 'profiled nmethods': size=120000Kb used=18861Kb max_used=19305Kb free=101138Kb
 bounds [0x000002213cd80000, 0x000002213e070000, 0x00000221442b0000]
CodeHeap 'non-nmethods': size=5760Kb used=1325Kb max_used=1375Kb free=4435Kb
 bounds [0x000002213c7e0000, 0x000002213ca50000, 0x000002213cd80000]
 total_blobs=9533 nmethods=8892 adapters=553
 compilation: enabled
              stopped_count=0, restarted_count=0
 full_count=0

Compilation events (20 events):
Event: 60.149 Thread 0x0000022157714280 nmethod 10379 0x0000022144973b10 code [0x0000022144973ca0, 0x0000022144973ed8]
Event: 60.150 Thread 0x0000022157714280 10380       4       com.fasterxml.jackson.core.io.NumberOutput::outputInt (208 bytes)
Event: 60.156 Thread 0x0000022157714280 nmethod 10380 0x0000022144974090 code [0x0000022144974240, 0x0000022144974698]
Event: 60.174 Thread 0x0000022157714280 10381       4       org.hibernate.resource.transaction.spi.TransactionCoordinator::isTransactionActive (8 bytes)
Event: 60.180 Thread 0x0000022157714280 nmethod 10381 0x0000022144974a90 code [0x0000022144974c40, 0x0000022144974e38]
Event: 60.180 Thread 0x0000022157714280 10382       4       com.fasterxml.jackson.core.base.ParserMinimalBase::isExpectedNumberIntToken (16 bytes)
Event: 60.180 Thread 0x0000022157714280 nmethod 10382 0x0000022144975110 code [0x00000221449752a0, 0x0000022144975338]
Event: 60.194 Thread 0x0000022157714280 10383       4       com.fasterxml.jackson.core.util.TextBuffer::contentsAsInt (88 bytes)
Event: 60.196 Thread 0x0000022157714280 nmethod 10383 0x0000022144975410 code [0x00000221449755a0, 0x0000022144975738]
Event: 60.354 Thread 0x0000022157714280 10384   !   4       sun.nio.ch.SelectorImpl::lockAndDoSelect (87 bytes)
Event: 60.440 Thread 0x0000022157714280 nmethod 10384 0x0000022144975890 code [0x0000022144975b80, 0x0000022144977f20]
Event: 60.440 Thread 0x0000022157714280 10386   !   4       sun.nio.ch.WindowsSelectorImpl::processUpdateQueue (236 bytes)
Event: 60.471 Thread 0x0000022157714280 nmethod 10386 0x0000022144979510 code [0x0000022144979740, 0x000002214497a508]
Event: 60.472 Thread 0x0000022157714280 10385   !   4       sun.nio.ch.WindowsSelectorImpl::doSelect (151 bytes)
Event: 60.495 Thread 0x0000022157714280 nmethod 10385 0x000002214497af10 code [0x000002214497b160, 0x000002214497c320]
Event: 60.495 Thread 0x0000022157714280 10387       4       com.fasterxml.jackson.core.json.UTF8StreamJsonParser::parseEscapedName (372 bytes)
Event: 60.525 Thread 0x0000022157714280 nmethod 10387 0x000002214497cb90 code [0x000002214497cd60, 0x000002214497d8f8]
Event: 61.065 Thread 0x0000022157714280 10388       4       com.fasterxml.jackson.core.io.IOContext::<init> (28 bytes)
Event: 61.069 Thread 0x0000022157714280 nmethod 10388 0x000002214497e210 code [0x000002214497e3a0, 0x000002214497e6d8]
Event: 61.141 Thread 0x0000022157714280 10389       4       org.hibernate.engine.internal.ForeignKeys::findNonNullableTransientEntities (123 bytes)

GC Heap History (20 events):
Event: 21.746 GC heap after
{Heap after GC invocations=15 (full 0):
 garbage-first heap   total 75776K, used 22784K [0x0000000709000000, 0x0000000800000000)
  region size 2048K, 2 young (4096K), 2 survivors (4096K)
 Metaspace       used 49264K, committed 49600K, reserved 1097728K
  class space    used 6495K, committed 6656K, reserved 1048576K
}
Event: 23.206 GC heap before
{Heap before GC invocations=15 (full 0):
 garbage-first heap   total 75776K, used 55552K [0x0000000709000000, 0x0000000800000000)
  region size 2048K, 18 young (36864K), 2 survivors (4096K)
 Metaspace       used 49570K, committed 49984K, reserved 1097728K
  class space    used 6512K, committed 6720K, reserved 1048576K
}
Event: 23.213 GC heap after
{Heap after GC invocations=16 (full 0):
 garbage-first heap   total 75776K, used 23184K [0x0000000709000000, 0x0000000800000000)
  region size 2048K, 2 young (4096K), 2 survivors (4096K)
 Metaspace       used 49570K, committed 49984K, reserved 1097728K
  class space    used 6512K, committed 6720K, reserved 1048576K
}
Event: 26.747 GC heap before
{Heap before GC invocations=16 (full 0):
 garbage-first heap   total 75776K, used 55952K [0x0000000709000000, 0x0000000800000000)
  region size 2048K, 18 young (36864K), 2 survivors (4096K)
 Metaspace       used 52098K, committed 52480K, reserved 1097728K
  class space    used 6834K, committed 7040K, reserved 1048576K
}
Event: 26.756 GC heap after
{Heap after GC invocations=17 (full 0):
 garbage-first heap   total 75776K, used 25747K [0x0000000709000000, 0x0000000800000000)
  region size 2048K, 2 young (4096K), 2 survivors (4096K)
 Metaspace       used 52098K, committed 52480K, reserved 1097728K
  class space    used 6834K, committed 7040K, reserved 1048576K
}
Event: 31.737 GC heap before
{Heap before GC invocations=17 (full 0):
 garbage-first heap   total 75776K, used 56467K [0x0000000709000000, 0x0000000800000000)
  region size 2048K, 17 young (34816K), 2 survivors (4096K)
 Metaspace       used 57709K, committed 58176K, reserved 1105920K
  class space    used 7450K, committed 7680K, reserved 1048576K
}
Event: 31.747 GC heap after
{Heap after GC invocations=18 (full 0):
 garbage-first heap   total 75776K, used 27733K [0x0000000709000000, 0x0000000800000000)
  region size 2048K, 3 young (6144K), 3 survivors (6144K)
 Metaspace       used 57709K, committed 58176K, reserved 1105920K
  class space    used 7450K, committed 7680K, reserved 1048576K
}
Event: 36.166 GC heap before
{Heap before GC invocations=18 (full 0):
 garbage-first heap   total 75776K, used 50261K [0x0000000709000000, 0x0000000800000000)
  region size 2048K, 15 young (30720K), 3 survivors (6144K)
 Metaspace       used 59047K, committed 59520K, reserved 1105920K
  class space    used 7451K, committed 7680K, reserved 1048576K
}
Event: 36.175 GC heap after
{Heap after GC invocations=19 (full 0):
 garbage-first heap   total 75776K, used 27929K [0x0000000709000000, 0x0000000800000000)
  region size 2048K, 2 young (4096K), 2 survivors (4096K)
 Metaspace       used 59047K, committed 59520K, reserved 1105920K
  class space    used 7451K, committed 7680K, reserved 1048576K
}
Event: 41.416 GC heap before
{Heap before GC invocations=20 (full 0):
 garbage-first heap   total 75776K, used 56601K [0x0000000709000000, 0x0000000800000000)
  region size 2048K, 16 young (32768K), 2 survivors (4096K)
 Metaspace       used 59725K, committed 60224K, reserved 1105920K
  class space    used 7451K, committed 7680K, reserved 1048576K
}
Event: 41.424 GC heap after
{Heap after GC invocations=21 (full 0):
 garbage-first heap   total 75776K, used 28328K [0x0000000709000000, 0x0000000800000000)
  region size 2048K, 1 young (2048K), 1 survivors (2048K)
 Metaspace       used 59725K, committed 60224K, reserved 1105920K
  class space    used 7451K, committed 7680K, reserved 1048576K
}
Event: 41.725 GC heap before
{Heap before GC invocations=21 (full 0):
 garbage-first heap   total 75776K, used 30376K [0x0000000709000000, 0x0000000800000000)
  region size 2048K, 2 young (4096K), 1 survivors (2048K)
 Metaspace       used 59757K, committed 60224K, reserved 1105920K
  class space    used 7451K, committed 7680K, reserved 1048576K
}
Event: 41.737 GC heap after
{Heap after GC invocations=22 (full 0):
 garbage-first heap   total 75776K, used 27217K [0x0000000709000000, 0x0000000800000000)
  region size 2048K, 1 young (2048K), 1 survivors (2048K)
 Metaspace       used 59757K, committed 60224K, reserved 1105920K
  class space    used 7451K, committed 7680K, reserved 1048576K
}
Event: 47.531 GC heap before
{Heap before GC invocations=22 (full 0):
 garbage-first heap   total 75776K, used 59985K [0x0000000709000000, 0x0000000800000000)
  region size 2048K, 17 young (34816K), 1 survivors (2048K)
 Metaspace       used 59856K, committed 60288K, reserved 1105920K
  class space    used 7452K, committed 7680K, reserved 1048576K
}
Event: 47.536 GC heap after
{Heap after GC invocations=23 (full 0):
 garbage-first heap   total 75776K, used 27118K [0x0000000709000000, 0x0000000800000000)
  region size 2048K, 1 young (2048K), 1 survivors (2048K)
 Metaspace       used 59856K, committed 60288K, reserved 1105920K
  class space    used 7452K, committed 7680K, reserved 1048576K
}
Event: 52.121 GC heap before
{Heap before GC invocations=23 (full 0):
 garbage-first heap   total 75776K, used 59886K [0x0000000709000000, 0x0000000800000000)
  region size 2048K, 17 young (34816K), 1 survivors (2048K)
 Metaspace       used 59875K, committed 60352K, reserved 1105920K
  class space    used 7452K, committed 7680K, reserved 1048576K
}
Event: 52.125 GC heap after
{Heap after GC invocations=24 (full 0):
 garbage-first heap   total 75776K, used 27142K [0x0000000709000000, 0x0000000800000000)
  region size 2048K, 1 young (2048K), 1 survivors (2048K)
 Metaspace       used 59875K, committed 60352K, reserved 1105920K
  class space    used 7452K, committed 7680K, reserved 1048576K
}
Event: 56.880 GC heap before
{Heap before GC invocations=24 (full 0):
 garbage-first heap   total 75776K, used 59910K [0x0000000709000000, 0x0000000800000000)
  region size 2048K, 17 young (34816K), 1 survivors (2048K)
 Metaspace       used 59876K, committed 60352K, reserved 1105920K
  class space    used 7453K, committed 7680K, reserved 1048576K
}
Event: 56.883 GC heap after
{Heap after GC invocations=25 (full 0):
 garbage-first heap   total 75776K, used 27179K [0x0000000709000000, 0x0000000800000000)
  region size 2048K, 1 young (2048K), 1 survivors (2048K)
 Metaspace       used 59876K, committed 60352K, reserved 1105920K
  class space    used 7453K, committed 7680K, reserved 1048576K
}
Event: 61.165 GC heap before
{Heap before GC invocations=25 (full 0):
 garbage-first heap   total 75776K, used 61995K [0x0000000709000000, 0x0000000800000000)
  region size 2048K, 18 young (36864K), 1 survivors (2048K)
 Metaspace       used 59877K, committed 60352K, reserved 1105920K
  class space    used 7454K, committed 7680K, reserved 1048576K
}

Deoptimization events (20 events):
Event: 54.781 Thread 0x0000022159958910 Uncommon trap: trap_request=0xffffffbe fr.pc=0x000002214477b10c relative=0x00000000000027ec
Event: 54.781 Thread 0x0000022159958910 Uncommon trap: reason=profile_predicate action=maybe_recompile pc=0x000002214477b10c method=java.util.TreeMap.put(Ljava/lang/Object;Ljava/lang/Object;Z)Ljava/lang/Object; @ 27 c2
Event: 54.781 Thread 0x0000022159958910 DEOPT PACKING pc=0x000002214477b10c sp=0x00000058513fe790
Event: 54.781 Thread 0x0000022159958910 DEOPT UNPACKING pc=0x000002213c82d72e sp=0x00000058513fe770 mode 2
Event: 59.576 Thread 0x000002215d80b220 Uncommon trap: trap_request=0xffffffd6 fr.pc=0x0000022144963604 relative=0x0000000000000164
Event: 59.576 Thread 0x000002215d80b220 Uncommon trap: reason=array_check action=maybe_recompile pc=0x0000022144963604 method=com.zaxxer.hikari.util.FastList.add(Ljava/lang/Object;)Z @ 28 c2
Event: 59.576 Thread 0x000002215d80b220 DEOPT PACKING pc=0x0000022144963604 sp=0x0000005851afc880
Event: 59.576 Thread 0x000002215d80b220 DEOPT UNPACKING pc=0x000002213c82d72e sp=0x0000005851afc818 mode 2
Event: 59.577 Thread 0x000002215d807d00 Uncommon trap: trap_request=0xffffffd6 fr.pc=0x0000022144963604 relative=0x0000000000000164
Event: 59.577 Thread 0x000002215d807d00 Uncommon trap: reason=array_check action=maybe_recompile pc=0x0000022144963604 method=com.zaxxer.hikari.util.FastList.add(Ljava/lang/Object;)Z @ 28 c2
Event: 59.577 Thread 0x000002215d807d00 DEOPT PACKING pc=0x0000022144963604 sp=0x00000058521fcd60
Event: 59.577 Thread 0x000002215d807d00 DEOPT UNPACKING pc=0x000002213c82d72e sp=0x00000058521fccf8 mode 2
Event: 59.580 Thread 0x000002215d807260 Uncommon trap: trap_request=0xffffffd6 fr.pc=0x0000022144963604 relative=0x0000000000000164
Event: 59.580 Thread 0x000002215d807260 Uncommon trap: reason=array_check action=maybe_recompile pc=0x0000022144963604 method=com.zaxxer.hikari.util.FastList.add(Ljava/lang/Object;)Z @ 28 c2
Event: 59.580 Thread 0x000002215d807260 DEOPT PACKING pc=0x0000022144963604 sp=0x00000058516fafd0
Event: 59.580 Thread 0x000002215d807260 DEOPT UNPACKING pc=0x000002213c82d72e sp=0x00000058516faf68 mode 2
Event: 59.581 Thread 0x000002215d8067c0 Uncommon trap: trap_request=0xffffffd6 fr.pc=0x0000022144963604 relative=0x0000000000000164
Event: 59.581 Thread 0x000002215d8067c0 Uncommon trap: reason=array_check action=maybe_recompile pc=0x0000022144963604 method=com.zaxxer.hikari.util.FastList.add(Ljava/lang/Object;)Z @ 28 c2
Event: 59.581 Thread 0x000002215d8067c0 DEOPT PACKING pc=0x0000022144963604 sp=0x00000058522fab30
Event: 59.581 Thread 0x000002215d8067c0 DEOPT UNPACKING pc=0x000002213c82d72e sp=0x00000058522faac8 mode 2

Classes unloaded (0 events):
No events

Classes redefined (0 events):
No events

Internal exceptions (20 events):
Event: 26.511 Thread 0x0000022158b2a1c0 Exception <a 'java/lang/NoSuchMethodError'{0x000000070ba38ca8}: 'int java.lang.invoke.DirectMethodHandle$Holder.invokeStaticInit(java.lang.Object, java.lang.Object, java.lang.Object, java.lang.Object)'> (0x000000070ba38ca8) 
thrown [t:\workspace\open\src\hotspot\share\interpreter\linkResolver.cpp, line 790]
Event: 26.678 Thread 0x0000022158b2a1c0 Implicit null exception at 0x00000221443edd5a to 0x00000221443edf5c
Event: 28.440 Thread 0x0000022158b2a1c0 Exception <a 'java/lang/NoSuchMethodError'{0x000000070fbf98a8}: 'java.lang.Object java.lang.invoke.DirectMethodHandle$Holder.invokeSpecial(java.lang.Object, java.lang.Object, int, java.lang.Object, int, java.lang.Object)'> (0x000000070fbf98a8) 
thrown [t:\workspace\open\src\hotspot\share\interpreter\linkResolver.cpp, line 790]
Event: 28.442 Thread 0x0000022158b2a1c0 Exception <a 'java/lang/NoSuchMethodError'{0x000000070d2023a0}: 'java.lang.Object java.lang.invoke.DirectMethodHandle$Holder.newInvokeSpecial(java.lang.Object, java.lang.Object, int, java.lang.Object, int)'> (0x000000070d2023a0) 
thrown [t:\workspace\open\src\hotspot\share\interpreter\linkResolver.cpp, line 790]
Event: 28.443 Thread 0x0000022158b2a1c0 Exception <a 'java/lang/NoSuchMethodError'{0x000000070d2065b0}: 'java.lang.Object java.lang.invoke.DirectMethodHandle$Holder.invokeSpecial(java.lang.Object, java.lang.Object, java.lang.Object, int, java.lang.Object, int)'> (0x000000070d2065b0) 
thrown [t:\workspace\open\src\hotspot\share\interpreter\linkResolver.cpp, line 790]
Event: 28.445 Thread 0x0000022158b2a1c0 Exception <a 'java/lang/NoSuchMethodError'{0x000000070d210748}: 'void java.lang.invoke.DirectMethodHandle$Holder.invokeVirtual(java.lang.Object, java.lang.Object)'> (0x000000070d210748) 
thrown [t:\workspace\open\src\hotspot\share\interpreter\linkResolver.cpp, line 790]
Event: 29.559 Thread 0x000002215d80a780 Exception <a 'java/lang/ClassNotFoundException'{0x000000070c6881f8}: java/lang/ObjectCustomizer> (0x000000070c6881f8) 
thrown [t:\workspace\open\src\hotspot\share\classfile\systemDictionary.cpp, line 256]
Event: 29.561 Thread 0x000002215d808cf0 Exception <a 'java/lang/ClassNotFoundException'{0x000000070c705a08}: java/lang/ObjectCustomizer> (0x000000070c705a08) 
thrown [t:\workspace\open\src\hotspot\share\classfile\systemDictionary.cpp, line 256]
Event: 29.562 Thread 0x000002215d80a780 Exception <a 'java/lang/ClassNotFoundException'{0x000000070c694b20}: pb/prev/rhback/model/DocumentosColaboradoresCustomizer> (0x000000070c694b20) 
thrown [t:\workspace\open\src\hotspot\share\classfile\systemDictionary.cpp, line 256]
Event: 29.563 Thread 0x000002215d8057d0 Exception <a 'java/lang/ClassNotFoundException'{0x000000070c972ac0}: java/lang/ObjectCustomizer> (0x000000070c972ac0) 
thrown [t:\workspace\open\src\hotspot\share\classfile\systemDictionary.cpp, line 256]
Event: 29.566 Thread 0x000002215d808cf0 Exception <a 'java/lang/ClassNotFoundException'{0x000000070c711660}: pb/prev/rhback/model/DocumentosColaboradoresCustomizer> (0x000000070c711660) 
thrown [t:\workspace\open\src\hotspot\share\classfile\systemDictionary.cpp, line 256]
Event: 29.570 Thread 0x000002215d8057d0 Exception <a 'java/lang/ClassNotFoundException'{0x000000070c76b6f0}: pb/prev/rhback/model/DocumentosColaboradoresCustomizer> (0x000000070c76b6f0) 
thrown [t:\workspace\open\src\hotspot\share\classfile\systemDictionary.cpp, line 256]
Event: 29.575 Thread 0x000002215d80b220 Exception <a 'java/lang/ClassNotFoundException'{0x000000070c633428}: java/lang/ObjectCustomizer> (0x000000070c633428) 
thrown [t:\workspace\open\src\hotspot\share\classfile\systemDictionary.cpp, line 256]
Event: 29.588 Thread 0x000002215d80b220 Exception <a 'java/lang/ClassNotFoundException'{0x000000070c7a6740}: pb/prev/rhback/model/DocumentosColaboradoresCustomizer> (0x000000070c7a6740) 
thrown [t:\workspace\open\src\hotspot\share\classfile\systemDictionary.cpp, line 256]
Event: 29.597 Thread 0x000002215d807260 Exception <a 'java/lang/ClassNotFoundException'{0x000000070c6c9570}: java/lang/ObjectCustomizer> (0x000000070c6c9570) 
thrown [t:\workspace\open\src\hotspot\share\classfile\systemDictionary.cpp, line 256]
Event: 29.603 Thread 0x000002215d807260 Exception <a 'java/lang/ClassNotFoundException'{0x000000070c406ef8}: pb/prev/rhback/model/DocumentosColaboradoresCustomizer> (0x000000070c406ef8) 
thrown [t:\workspace\open\src\hotspot\share\classfile\systemDictionary.cpp, line 256]
Event: 45.605 Thread 0x000002215d807d00 Implicit null exception at 0x00000221444e7478 to 0x00000221444e7930
Event: 45.606 Thread 0x000002215d807d00 Implicit null exception at 0x00000221444e7478 to 0x00000221444e7930
Event: 45.610 Thread 0x000002215d80b220 Implicit null exception at 0x00000221444e7478 to 0x00000221444e7930
Event: 45.610 Thread 0x000002215d80b220 Implicit null exception at 0x00000221444e7478 to 0x00000221444e7930

Events (20 events):
Event: 54.858 Executing  VM operation: HandshakeAllThreads done
Event: 54.873 Thread 0x000002215773de20 flushing nmethod 0x000002213d9cd910
Event: 54.873 Thread 0x000002215773de20 flushing nmethod 0x000002213d9d4010
Event: 55.858 Executing  VM operation: Cleanup
Event: 55.858 Executing  VM operation: Cleanup done
Event: 56.869 Executing  VM operation: Cleanup
Event: 56.870 Executing  VM operation: Cleanup done
Event: 56.880 Executing  VM operation: G1CollectForAllocation
Event: 56.883 Executing  VM operation: G1CollectForAllocation done
Event: 56.934 Thread 0x000002215d39b610 Thread added: 0x000002215d39b610
Event: 57.892 Executing  VM operation: Cleanup
Event: 57.892 Executing  VM operation: Cleanup done
Event: 58.892 Executing  VM operation: Cleanup
Event: 58.892 Executing  VM operation: Cleanup done
Event: 59.563 Thread 0x000002215d39b610 Thread exited: 0x000002215d39b610
Event: 59.893 Executing  VM operation: Cleanup
Event: 59.893 Executing  VM operation: Cleanup done
Event: 60.896 Executing  VM operation: Cleanup
Event: 60.896 Executing  VM operation: Cleanup done
Event: 61.165 Executing  VM operation: G1CollectForAllocation


Dynamic libraries:
0x00007ff7ca480000 - 0x00007ff7ca490000 	C:\Program Files\Java\jdk-16.0.2\bin\java.exe
0x00007ffbe7f30000 - 0x00007ffbe8125000 	C:\WINDOWS\SYSTEM32\ntdll.dll
0x00007ffbe7b80000 - 0x00007ffbe7c3d000 	C:\WINDOWS\System32\KERNEL32.DLL
0x00007ffbe5890000 - 0x00007ffbe5b58000 	C:\WINDOWS\System32\KERNELBASE.dll
0x00007ffbe5e40000 - 0x00007ffbe5f40000 	C:\WINDOWS\System32\ucrtbase.dll
0x00007ffbb7830000 - 0x00007ffbb7849000 	C:\Program Files\Java\jdk-16.0.2\bin\VCRUNTIME140.dll
0x00007ffbb07b0000 - 0x00007ffbb07c8000 	C:\Program Files\Java\jdk-16.0.2\bin\jli.dll
0x00007ffbe6890000 - 0x00007ffbe693c000 	C:\WINDOWS\System32\ADVAPI32.dll
0x00007ffbe73b0000 - 0x00007ffbe744e000 	C:\WINDOWS\System32\msvcrt.dll
0x00007ffbe6940000 - 0x00007ffbe69db000 	C:\WINDOWS\System32\sechost.dll
0x00007ffbe7c40000 - 0x00007ffbe7d6b000 	C:\WINDOWS\System32\RPCRT4.dll
0x00007ffbe7210000 - 0x00007ffbe73b0000 	C:\WINDOWS\System32\USER32.dll
0x00007ffbd5d20000 - 0x00007ffbd5fba000 	C:\WINDOWS\WinSxS\amd64_microsoft.windows.common-controls_6595b64144ccf1df_6.0.19041.844_none_ca00b6081b84eb1d\COMCTL32.dll
0x00007ffbe5860000 - 0x00007ffbe5882000 	C:\WINDOWS\System32\win32u.dll
0x00007ffbe7ec0000 - 0x00007ffbe7eea000 	C:\WINDOWS\System32\GDI32.dll
0x00007ffbe5c60000 - 0x00007ffbe5d6b000 	C:\WINDOWS\System32\gdi32full.dll
0x00007ffbe5da0000 - 0x00007ffbe5e3d000 	C:\WINDOWS\System32\msvcp_win.dll
0x00007ffbddd70000 - 0x00007ffbddd7a000 	C:\WINDOWS\SYSTEM32\VERSION.dll
0x00007ffbe6e80000 - 0x00007ffbe6eb0000 	C:\WINDOWS\System32\IMM32.DLL
0x00007ffbde900000 - 0x00007ffbde90c000 	C:\Program Files\Java\jdk-16.0.2\bin\vcruntime140_1.dll
0x00007ffbb0710000 - 0x00007ffbb07a1000 	C:\Program Files\Java\jdk-16.0.2\bin\msvcp140.dll
0x00007ffbaf890000 - 0x00007ffbb043b000 	C:\Program Files\Java\jdk-16.0.2\bin\server\jvm.dll
0x00007ffbe7d70000 - 0x00007ffbe7d78000 	C:\WINDOWS\System32\PSAPI.DLL
0x00007ffbd32c0000 - 0x00007ffbd32c9000 	C:\WINDOWS\SYSTEM32\WSOCK32.dll
0x00007ffbe6020000 - 0x00007ffbe608b000 	C:\WINDOWS\System32\WS2_32.dll
0x00007ffbdc9e0000 - 0x00007ffbdca07000 	C:\WINDOWS\SYSTEM32\WINMM.dll
0x00007ffbe3660000 - 0x00007ffbe3672000 	C:\WINDOWS\SYSTEM32\kernel.appcore.dll
0x00007ffbdb890000 - 0x00007ffbdb89a000 	C:\Program Files\Java\jdk-16.0.2\bin\jimage.dll
0x00007ffbd1b90000 - 0x00007ffbd1d74000 	C:\WINDOWS\SYSTEM32\DBGHELP.DLL
0x00007ffbd1480000 - 0x00007ffbd14ac000 	C:\WINDOWS\SYSTEM32\dbgcore.DLL
0x00007ffbe5fa0000 - 0x00007ffbe6020000 	C:\WINDOWS\System32\bcryptPrimitives.dll
0x00007ffbb06e0000 - 0x00007ffbb0705000 	C:\Program Files\Java\jdk-16.0.2\bin\java.dll
0x00007ffbe6090000 - 0x00007ffbe67d2000 	C:\WINDOWS\System32\SHELL32.dll
0x00007ffbe3860000 - 0x00007ffbe3ff1000 	C:\WINDOWS\SYSTEM32\windows.storage.dll
0x00007ffbe69e0000 - 0x00007ffbe6d35000 	C:\WINDOWS\System32\combase.dll
0x00007ffbe50a0000 - 0x00007ffbe50cc000 	C:\WINDOWS\SYSTEM32\Wldp.dll
0x00007ffbe67e0000 - 0x00007ffbe688e000 	C:\WINDOWS\System32\SHCORE.dll
0x00007ffbe78d0000 - 0x00007ffbe7925000 	C:\WINDOWS\System32\shlwapi.dll
0x00007ffbe5640000 - 0x00007ffbe565f000 	C:\WINDOWS\SYSTEM32\profapi.dll
0x00007ffbb06c0000 - 0x00007ffbb06d9000 	C:\Program Files\Java\jdk-16.0.2\bin\net.dll
0x00007ffbde130000 - 0x00007ffbde23b000 	C:\WINDOWS\SYSTEM32\WINHTTP.dll
0x00007ffbe4e10000 - 0x00007ffbe4e7a000 	C:\WINDOWS\system32\mswsock.dll
0x00007ffbb06a0000 - 0x00007ffbb06b3000 	C:\Program Files\Java\jdk-16.0.2\bin\nio.dll
0x00007ffbaf870000 - 0x00007ffbaf888000 	C:\Program Files\Java\jdk-16.0.2\bin\zip.dll
0x00007ffbd5550000 - 0x00007ffbd5560000 	C:\Program Files\Java\jdk-16.0.2\bin\verify.dll
0x00007ffbe1830000 - 0x00007ffbe1839000 	C:\Program Files\Java\jdk-16.0.2\bin\management.dll
0x00007ffbe17b0000 - 0x00007ffbe17bb000 	C:\Program Files\Java\jdk-16.0.2\bin\management_ext.dll
0x00007ffbd9720000 - 0x00007ffbd9737000 	C:\WINDOWS\system32\napinsp.dll
0x00007ffbd9760000 - 0x00007ffbd977b000 	C:\WINDOWS\system32\pnrpnsp.dll
0x00007ffbd9740000 - 0x00007ffbd9755000 	C:\WINDOWS\system32\wshbth.dll
0x00007ffbe1210000 - 0x00007ffbe122d000 	C:\WINDOWS\system32\NLAapi.dll
0x00007ffbe4b00000 - 0x00007ffbe4b3b000 	C:\WINDOWS\SYSTEM32\IPHLPAPI.DLL
0x00007ffbe4b40000 - 0x00007ffbe4c0c000 	C:\WINDOWS\SYSTEM32\DNSAPI.dll
0x00007ffbe78c0000 - 0x00007ffbe78c8000 	C:\WINDOWS\System32\NSI.dll
0x00007ffbd97a0000 - 0x00007ffbd97b2000 	C:\WINDOWS\System32\winrnr.dll
0x00007ffbde260000 - 0x00007ffbde26a000 	C:\Windows\System32\rasadhlp.dll
0x00007ffbe0ea0000 - 0x00007ffbe0f1f000 	C:\WINDOWS\System32\fwpuclnt.dll
0x00007ffbe5d70000 - 0x00007ffbe5d97000 	C:\WINDOWS\System32\bcrypt.dll
0x00007ffbe4ff0000 - 0x00007ffbe5008000 	C:\WINDOWS\SYSTEM32\CRYPTSP.dll
0x00007ffbe47b0000 - 0x00007ffbe47e4000 	C:\WINDOWS\system32\rsaenh.dll
0x00007ffbe5600000 - 0x00007ffbe562e000 	C:\WINDOWS\SYSTEM32\USERENV.dll
0x00007ffbe4fe0000 - 0x00007ffbe4fec000 	C:\WINDOWS\SYSTEM32\CRYPTBASE.dll
0x00007ffbe06b0000 - 0x00007ffbe06c7000 	C:\WINDOWS\SYSTEM32\dhcpcsvc6.DLL
0x00007ffbe0650000 - 0x00007ffbe066d000 	C:\WINDOWS\SYSTEM32\dhcpcsvc.DLL
0x00007ffbe1420000 - 0x00007ffbe142e000 	C:\Program Files\Java\jdk-16.0.2\bin\sunmscapi.dll
0x00007ffbe5700000 - 0x00007ffbe585f000 	C:\WINDOWS\System32\CRYPT32.dll
0x00007ffbe5110000 - 0x00007ffbe5137000 	C:\WINDOWS\SYSTEM32\ncrypt.dll
0x00007ffbe50d0000 - 0x00007ffbe510b000 	C:\WINDOWS\SYSTEM32\NTASN1.dll
0x00007ffbe1410000 - 0x00007ffbe1417000 	C:\WINDOWS\system32\wshunix.dll

dbghelp: loaded successfully - version: 4.0.5 - missing functions: none
symbol engine: initialized successfully - sym options: 0x614 - pdb path: .;C:\Program Files\Java\jdk-16.0.2\bin;C:\WINDOWS\SYSTEM32;C:\WINDOWS\WinSxS\amd64_microsoft.windows.common-controls_6595b64144ccf1df_6.0.19041.844_none_ca00b6081b84eb1d;C:\Program Files\Java\jdk-16.0.2\bin\server

VM Arguments:
jvm_args: -XX:+ShowCodeDetailsInExceptionMessages -Dfile.encoding=UTF-8 
java_command: pb.prev.rhback.RhbackApplication
java_class_path (initial): H:\rh\rhback\target\classes;C:\Users\sabrina topel\.m2\repository\org\springframework\boot\spring-boot-starter-data-jpa\2.6.5\spring-boot-starter-data-jpa-2.6.5.jar;C:\Users\sabrina topel\.m2\repository\org\springframework\boot\spring-boot-starter-aop\2.6.5\spring-boot-starter-aop-2.6.5.jar;C:\Users\sabrina topel\.m2\repository\org\springframework\spring-aop\5.3.17\spring-aop-5.3.17.jar;C:\Users\sabrina topel\.m2\repository\org\aspectj\aspectjweaver\1.9.7\aspectjweaver-1.9.7.jar;C:\Users\sabrina topel\.m2\repository\org\springframework\boot\spring-boot-starter-jdbc\2.6.5\spring-boot-starter-jdbc-2.6.5.jar;C:\Users\sabrina topel\.m2\repository\com\zaxxer\HikariCP\4.0.3\HikariCP-4.0.3.jar;C:\Users\sabrina topel\.m2\repository\org\springframework\spring-jdbc\5.3.17\spring-jdbc-5.3.17.jar;C:\Users\sabrina topel\.m2\repository\jakarta\transaction\jakarta.transaction-api\1.3.3\jakarta.transaction-api-1.3.3.jar;C:\Users\sabrina topel\.m2\repository\jakarta\persistence\jakarta.persistence-api\2.2.3\jakarta.persistence-api-2.2.3.jar;C:\Users\sabrina topel\.m2\repository\org\hibernate\hibernate-core\5.6.7.Final\hibernate-core-5.6.7.Final.jar;C:\Users\sabrina topel\.m2\repository\org\jboss\logging\jboss-logging\3.4.3.Final\jboss-logging-3.4.3.Final.jar;C:\Users\sabrina topel\.m2\repository\net\bytebuddy\byte-buddy\1.11.22\byte-buddy-1.11.22.jar;C:\Users\sabrina topel\.m2\repository\antlr\antlr\2.7.7\antlr-2.7.7.jar;C:\Users\sabrina topel\.m2\repository\org\jboss\jandex\2.4.2.Final\jandex-2.4.2.Final.jar;C:\Users\sabrina topel\.m2\repository\com\fasterxml\classmate\1.5.1\classmate-1.5.1.jar;C:\Users\sabrina topel\.m2\repository\org\hibernate\common\hibernate-commons-annotations\5.1.2.Final\hibernate-commons-annotations-5.1.2.Final.jar;C:\Users\sabrina topel\.m2\repository\org\glassfish\jaxb\jaxb-runtime\2.3.6\jaxb-runtime-2.3.6.jar;C:\Users\sabrina topel\.m2\repository\org\glassfish\jaxb\txw2\2.3.6\txw2-2.3.6.jar;C:\Users\sabrina topel\.m2\repositor
Launcher Type: SUN_STANDARD

[Global flags]
     intx CICompilerCount                          = 3                                         {product} {ergonomic}
     uint ConcGCThreads                            = 1                                         {product} {ergonomic}
     uint G1ConcRefinementThreads                  = 4                                         {product} {ergonomic}
   size_t G1HeapRegionSize                         = 2097152                                   {product} {ergonomic}
    uintx GCDrainStackTargetSize                   = 64                                        {product} {ergonomic}
   size_t InitialHeapSize                          = 260046848                                 {product} {ergonomic}
   size_t MarkStackSize                            = 4194304                                   {product} {ergonomic}
   size_t MaxHeapSize                              = 4143972352                                {product} {ergonomic}
   size_t MaxNewSize                               = 2485125120                                {product} {ergonomic}
   size_t MinHeapDeltaBytes                        = 2097152                                   {product} {ergonomic}
   size_t MinHeapSize                              = 8388608                                   {product} {ergonomic}
    uintx NonNMethodCodeHeapSize                   = 5832780                                {pd product} {ergonomic}
    uintx NonProfiledCodeHeapSize                  = 122912730                              {pd product} {ergonomic}
    uintx ProfiledCodeHeapSize                     = 122912730                              {pd product} {ergonomic}
    uintx ReservedCodeCacheSize                    = 251658240                              {pd product} {ergonomic}
     bool SegmentedCodeCache                       = true                                      {product} {ergonomic}
     bool ShowCodeDetailsInExceptionMessages       = true                                   {manageable} {command line}
   size_t SoftMaxHeapSize                          = 4143972352                             {manageable} {ergonomic}
     bool UseCompressedClassPointers               = true                           {product lp64_product} {ergonomic}
     bool UseCompressedOops                        = true                           {product lp64_product} {ergonomic}
     bool UseG1GC                                  = true                                      {product} {ergonomic}
     bool UseLargePagesIndividualAllocation        = false                                  {pd product} {ergonomic}

Logging:
Log output configuration:
 #0: stdout all=warning uptime,level,tags
 #1: stderr all=off uptime,level,tags

Environment Variables:
JAVA_HOME=C:\Program Files\Java\jdk-16.0.2
PATH=C:\Program Files\Eclipse Adoptium\jdk-11.0.14.101-hotspot\bin;C:\Program Files\Common Files\Oracle\Java\javapath;C:\Program Files (x86)\Common Files\Oracle\Java\javapath;C:\WINDOWS\system32;C:\WINDOWS;C:\WINDOWS\System32\Wbem;C:\WINDOWS\System32\WindowsPowerShell\v1.0\;C:\Program Files\PuTTY\;C:\Program Files\nodejs\;C:\WINDOWS\System32\OpenSSH\;C:\Program Files\Git\cmd;C:\Program Files\Java\jdk-16.0.2\bin;%APPDATA%\Code\User\settings.json;;C:\Users\sabrina topel\AppData\Roaming\npm;C:\Users\sabrina topel\AppData\Local\Microsoft\WindowsApps;C:\Users\sabrina topel\AppData\Local\Programs\Microsoft VS Code\bin
USERNAME=sabrina topel
OS=Windows_NT
PROCESSOR_IDENTIFIER=AMD64 Family 21 Model 101 Stepping 1, AuthenticAMD



---------------  S Y S T E M  ---------------

OS:
 Windows 10 , 64 bit Build 19041 (10.0.19041.928)
OS uptime: 0 days 21:08 hours

CPU: total 4 (initial active 4) (4 cores per cpu, 1 threads per core) family 21 model 101 stepping 1 microcode 0x0, cx8, cmov, fxsr, mmx, 3dnowpref, sse, sse2, sse3, ssse3, sse4a, sse4.1, sse4.2, popcnt, lzcnt, tsc, tscinvbit, avx, avx2, aes, clmul, bmi1, bmi2, fma, vzeroupper, clflush

Memory: 4k page, system-wide physical 15802M (7315M free)
TotalPageFile size 29974M (AvailPageFile size 80M)
current process WorkingSet (physical memory assigned to process): 231M, peak: 258M
current process commit charge ("private bytes"): 263M, peak: 391M

vm_info: Java HotSpot(TM) 64-Bit Server VM (16.0.2+7-67) for windows-amd64 JRE (16.0.2+7-67), built on Jun  8 2021 23:24:19 by "mach5one" with MS VC++ 16.7 (VS2019)

END.
